<?xml version="1.0" encoding="UTF-8"?>
<!-- Generated by org.testng.reporters.JUnitReportReporter -->
<testsuite hostname="shaikh" failures="0" tests="1" name="com.crm.tiger.CreateContactWithStartAndEndDate" time="34.471" errors="0" timestamp="2024-08-01T01:50:33 IST" skipped="0">
  <testcase classname="com.crm.tiger.CreateContactWithStartAndEndDate" name="sedate" time="34.471"/>
</testsuite> <!-- com.crm.tiger.CreateContactWithStartAndEndDate -->
