<?xml version="1.0" encoding="UTF-8"?>
<!-- Generated by org.testng.reporters.JUnitReportReporter -->
<testsuite hostname="shaikh" failures="0" tests="1" name="com.crm.tiger.CreateOrgWIthIndustries" time="21.923" errors="0" timestamp="2024-07-31T14:53:02 IST" skipped="0">
  <testcase classname="com.crm.tiger.CreateOrgWIthIndustries" name="indus" time="21.923"/>
</testsuite> <!-- com.crm.tiger.CreateOrgWIthIndustries -->
